[0m[[0m[0mdebug[0m] [0m[0m> Exec(;Test/compile; collectAnalyses, None, Some(CommandSource(network-1)))[0m
[0m[[0m[0mdebug[0m] [0m[0munmatched Processing event for requestId None: None[0m
[0m[[0m[0mdebug[0m] [0m[0munmatched Done event for requestId None: None[0m
[0m[[0m[0mdebug[0m] [0m[0m> Exec(Test/compile, None, Some(CommandSource(network-1)))[0m
[0m[[0m[0mdebug[0m] [0m[0munmatched Processing event for requestId None: None[0m
[0m[[0m[0mdebug[0m] [0m[0mEvaluating tasks: Test / compile[0m
[0m[[0m[0mdebug[0m] [0m[0mRunning task... Cancel: Signal, check cycles: false, forcegc: true[0m
[0m[[0m[0mdebug[0m] [0m[0mjsonRpcNotify: JsonRpcNotificationMessage(2.0, build/taskStart, {"taskId":{"id":"14","parents":[]},"eventTime":1664026986182,"message":"Compiling fireworks","dataKind":"compile-task","data":{"target":{"uri":"file:/Users/estebanmarin/47deg/coursera/effective-scala/fireworks/#fireworks/Compile"}}})[0m
[0m[[0m[0minfo[0m] [0m[0mcompiling 1 Scala source to /Users/estebanmarin/47deg/coursera/effective-scala/fireworks/target/scala-3.1.0/classes ...[0m
[0m[[0m[0mdebug[0m] [0m[0mjsonRpcNotify: JsonRpcNotificationMessage(2.0, build/logMessage, {"type":3,"message":"compiling 1 Scala source to /Users/estebanmarin/47deg/coursera/effective-scala/fireworks/target/scala-3.1.0/classes ..."})[0m
[0m[[0m[0mdebug[0m] [0m[0mjsonRpcNotify: JsonRpcNotificationMessage(2.0, build/publishDiagnostics, {"textDocument":{"uri":"file:///Users/estebanmarin/47deg/coursera/effective-scala/fireworks/src/main/scala/fireworks/FireworksRunner.scala"},"buildTarget":{"uri":"file:/Users/estebanmarin/47deg/coursera/effective-scala/fireworks/#fireworks/Compile"},"diagnostics":[],"reset":true})[0m
[0m[[0m[0mdebug[0m] [0m[0mjsonRpcNotify: JsonRpcNotificationMessage(2.0, build/publishDiagnostics, {"textDocument":{"uri":"file:///Users/estebanmarin/47deg/coursera/effective-scala/fireworks/src/main/scala/fireworks/Fireworks.scala"},"buildTarget":{"uri":"file:/Users/estebanmarin/47deg/coursera/effective-scala/fireworks/#fireworks/Compile"},"diagnostics":[],"reset":true})[0m
[0m[[0m[0mdebug[0m] [0m[0mjsonRpcNotify: JsonRpcNotificationMessage(2.0, build/taskFinish, {"taskId":{"id":"14","parents":[]},"eventTime":1664026986428,"message":"Compiled fireworks","status":1,"dataKind":"compile-report","data":{"target":{"uri":"file:/Users/estebanmarin/47deg/coursera/effective-scala/fireworks/#fireworks/Compile"},"errors":0,"warnings":0,"time":246}})[0m
[0m[[0m[0mdebug[0m] [0m[0mjsonRpcNotify: JsonRpcNotificationMessage(2.0, build/taskStart, {"taskId":{"id":"15","parents":[]},"eventTime":1664026986437,"message":"Compiling fireworks-test","dataKind":"compile-task","data":{"target":{"uri":"file:/Users/estebanmarin/47deg/coursera/effective-scala/fireworks/#fireworks/Test"}}})[0m
[0m[[0m[0mdebug[0m] [0m[0mjsonRpcNotify: JsonRpcNotificationMessage(2.0, build/publishDiagnostics, {"textDocument":{"uri":"file:///Users/estebanmarin/47deg/coursera/effective-scala/fireworks/src/test/scala/fireworks/FireworksGenerators.scala"},"buildTarget":{"uri":"file:/Users/estebanmarin/47deg/coursera/effective-scala/fireworks/#fireworks/Test"},"diagnostics":[],"reset":true})[0m
[0m[[0m[0mdebug[0m] [0m[0mjsonRpcNotify: JsonRpcNotificationMessage(2.0, build/publishDiagnostics, {"textDocument":{"uri":"file:///Users/estebanmarin/47deg/coursera/effective-scala/fireworks/src/test/scala/fireworks/FireworksSuite.scala"},"buildTarget":{"uri":"file:/Users/estebanmarin/47deg/coursera/effective-scala/fireworks/#fireworks/Test"},"diagnostics":[],"reset":true})[0m
[0m[[0m[0mdebug[0m] [0m[0mjsonRpcNotify: JsonRpcNotificationMessage(2.0, build/taskFinish, {"taskId":{"id":"15","parents":[]},"eventTime":1664026986441,"message":"Compiled fireworks-test","status":1,"dataKind":"compile-report","data":{"target":{"uri":"file:/Users/estebanmarin/47deg/coursera/effective-scala/fireworks/#fireworks/Test"},"errors":0,"warnings":0,"time":4}})[0m
[0m[[0m[0mdebug[0m] [0m[0mForcing garbage collection...[0m
[0m[[0m[32msuccess[0m] [0m[0mTotal time: 0 s, completed Sep 24, 2022, 8:43:06 AM[0m
[0m[[0m[0mdebug[0m] [0m[0munmatched Done event for requestId None: None[0m
[0m[[0m[0mdebug[0m] [0m[0m> Exec(collectAnalyses, None, Some(CommandSource(network-1)))[0m
[0m[[0m[0mdebug[0m] [0m[0munmatched Processing event for requestId None: None[0m
[0m[[0m[0mdebug[0m] [0m[0mEvaluating tasks: Compile / collectAnalyses[0m
[0m[[0m[0mdebug[0m] [0m[0mRunning task... Cancel: Signal, check cycles: false, forcegc: true[0m
[0m[[0m[0mdebug[0m] [0m[0manalysis location (/Users/estebanmarin/47deg/coursera/effective-scala/fireworks/target/scala-3.1.0/zinc/inc_compile_3.zip,true)[0m
[0m[[0m[32msuccess[0m] [0m[0mTotal time: 0 s, completed Sep 24, 2022, 8:43:06 AM[0m
[0m[[0m[0mdebug[0m] [0m[0munmatched Done event for requestId None: None[0m
[0m[[0m[0mdebug[0m] [0m[0m> Exec(shell, None, None)[0m
[0m[[0m[0mdebug[0m] [0m[0mlsp-definition json request: {"textDocument":{"uri":"file:///Users/estebanmarin/47deg/coursera/effective-scala/fireworks/src/main/scala/fireworks/Fireworks.scala"},"position":{"line":23,"character":25}}[0m
[0m[[0m[0mdebug[0m] [0m[0mlsp-definition found line:    * @return The next state of a firework[0m
[0m[[0m[0mdebug[0m] [0m[0msymbol state[0m
[0m[[0m[0mdebug[0m] [0m[0mlsp-definition potentials: Set()[0m
[0m[[0m[0mdebug[0m] [0m[0mlsp-definition locations Vector()[0m
[0m[[0m[0mdebug[0m] [0m[0mUnhandled request received: shutdown: JsonRpcRequestMessage(2.0, ♨5, shutdown, null})[0m
