[0m[[0m[0mdebug[0m] [0m[0m> Exec(;Test/compile; collectAnalyses, None, Some(CommandSource(network-1)))[0m
[0m[[0m[0mdebug[0m] [0m[0munmatched Processing event for requestId None: None[0m
[0m[[0m[0mdebug[0m] [0m[0munmatched Done event for requestId None: None[0m
[0m[[0m[0mdebug[0m] [0m[0m> Exec(Test/compile, None, Some(CommandSource(network-1)))[0m
[0m[[0m[0mdebug[0m] [0m[0munmatched Processing event for requestId None: None[0m
[0m[[0m[0mdebug[0m] [0m[0mEvaluating tasks: Test / compile[0m
[0m[[0m[0mdebug[0m] [0m[0mRunning task... Cancel: Signal, check cycles: false, forcegc: true[0m
[0m[[0m[0mdebug[0m] [0m[0mjsonRpcNotify: JsonRpcNotificationMessage(2.0, build/taskStart, {"taskId":{"id":"52","parents":[]},"eventTime":1664298802016,"message":"Compiling fireworks","dataKind":"compile-task","data":{"target":{"uri":"file:/Users/estebanmarin/47deg/coursera/effective-scala/fireworks/#fireworks/Compile"}}})[0m
[0m[[0m[0minfo[0m] [0m[0mcompiling 1 Scala source to /Users/estebanmarin/47deg/coursera/effective-scala/fireworks/target/scala-3.1.0/classes ...[0m
[0m[[0m[0mdebug[0m] [0m[0mjsonRpcNotify: JsonRpcNotificationMessage(2.0, build/logMessage, {"type":3,"message":"compiling 1 Scala source to /Users/estebanmarin/47deg/coursera/effective-scala/fireworks/target/scala-3.1.0/classes ..."})[0m
[0m[[0m[0mdebug[0m] [0m[0mjsonRpcNotify: JsonRpcNotificationMessage(2.0, build/publishDiagnostics, {"textDocument":{"uri":"file:///Users/estebanmarin/47deg/coursera/effective-scala/fireworks/src/main/scala/fireworks/FireworksRunner.scala"},"buildTarget":{"uri":"file:/Users/estebanmarin/47deg/coursera/effective-scala/fireworks/#fireworks/Compile"},"diagnostics":[],"reset":true})[0m
[0m[[0m[0mdebug[0m] [0m[0mjsonRpcNotify: JsonRpcNotificationMessage(2.0, build/publishDiagnostics, {"textDocument":{"uri":"file:///Users/estebanmarin/47deg/coursera/effective-scala/fireworks/src/main/scala/fireworks/Fireworks.scala"},"buildTarget":{"uri":"file:/Users/estebanmarin/47deg/coursera/effective-scala/fireworks/#fireworks/Compile"},"diagnostics":[],"reset":true})[0m
[0m[[0m[0mdebug[0m] [0m[0mjsonRpcNotify: JsonRpcNotificationMessage(2.0, build/taskFinish, {"taskId":{"id":"52","parents":[]},"eventTime":1664298802209,"message":"Compiled fireworks","status":1,"dataKind":"compile-report","data":{"target":{"uri":"file:/Users/estebanmarin/47deg/coursera/effective-scala/fireworks/#fireworks/Compile"},"errors":0,"warnings":0,"time":193}})[0m
[0m[[0m[0mdebug[0m] [0m[0mjsonRpcNotify: JsonRpcNotificationMessage(2.0, build/taskStart, {"taskId":{"id":"53","parents":[]},"eventTime":1664298802216,"message":"Compiling fireworks-test","dataKind":"compile-task","data":{"target":{"uri":"file:/Users/estebanmarin/47deg/coursera/effective-scala/fireworks/#fireworks/Test"}}})[0m
[0m[[0m[0mdebug[0m] [0m[0mjsonRpcNotify: JsonRpcNotificationMessage(2.0, build/publishDiagnostics, {"textDocument":{"uri":"file:///Users/estebanmarin/47deg/coursera/effective-scala/fireworks/src/test/scala/fireworks/FireworksGenerators.scala"},"buildTarget":{"uri":"file:/Users/estebanmarin/47deg/coursera/effective-scala/fireworks/#fireworks/Test"},"diagnostics":[],"reset":true})[0m
[0m[[0m[0mdebug[0m] [0m[0mjsonRpcNotify: JsonRpcNotificationMessage(2.0, build/publishDiagnostics, {"textDocument":{"uri":"file:///Users/estebanmarin/47deg/coursera/effective-scala/fireworks/src/test/scala/fireworks/FireworksSuite.scala"},"buildTarget":{"uri":"file:/Users/estebanmarin/47deg/coursera/effective-scala/fireworks/#fireworks/Test"},"diagnostics":[],"reset":true})[0m
[0m[[0m[0mdebug[0m] [0m[0mjsonRpcNotify: JsonRpcNotificationMessage(2.0, build/taskFinish, {"taskId":{"id":"53","parents":[]},"eventTime":1664298802218,"message":"Compiled fireworks-test","status":1,"dataKind":"compile-report","data":{"target":{"uri":"file:/Users/estebanmarin/47deg/coursera/effective-scala/fireworks/#fireworks/Test"},"errors":0,"warnings":0,"time":2}})[0m
[0m[[0m[0mdebug[0m] [0m[0mForcing garbage collection...[0m
[0m[[0m[32msuccess[0m] [0m[0mTotal time: 0 s, completed Sep 27, 2022, 12:13:22 PM[0m
[0m[[0m[0mdebug[0m] [0m[0munmatched Done event for requestId None: None[0m
[0m[[0m[0mdebug[0m] [0m[0m> Exec(collectAnalyses, None, Some(CommandSource(network-1)))[0m
[0m[[0m[0mdebug[0m] [0m[0munmatched Processing event for requestId None: None[0m
[0m[[0m[0mdebug[0m] [0m[0mEvaluating tasks: Compile / collectAnalyses[0m
[0m[[0m[0mdebug[0m] [0m[0mRunning task... Cancel: Signal, check cycles: false, forcegc: true[0m
[0m[[0m[0mdebug[0m] [0m[0manalysis location (/Users/estebanmarin/47deg/coursera/effective-scala/fireworks/target/scala-3.1.0/zinc/inc_compile_3.zip,true)[0m
[0m[[0m[32msuccess[0m] [0m[0mTotal time: 0 s, completed Sep 27, 2022, 12:13:22 PM[0m
[0m[[0m[0mdebug[0m] [0m[0munmatched Done event for requestId None: None[0m
[0m[[0m[0mdebug[0m] [0m[0m> Exec(shell, None, None)[0m
